TN:
SF:C:\Users\Xikai\Desktop\INFO7500\INFO7500-Dutch-Auction\v3.0\contracts\KaiCoin.sol
FN:8,constructor
FN:12,mint
FNF:2
FNH:2
FNDA:6,constructor
FNDA:2,mint
DA:9,6
DA:13,2
LF:2
LH:2
BRDA:12,1,0,2
BRDA:12,1,1,0
BRF:2
BRH:1
end_of_record
TN:
SF:C:\Users\Xikai\Desktop\INFO7500\INFO7500-Dutch-Auction\v3.0\contracts\NFTDutchAuction_ERC20Bids.sol
FN:27,initialize
FN:40,bid
FNF:2
FNH:2
FNDA:3,initialize
FNDA:4,bid
DA:28,3
DA:29,3
DA:30,3
DA:31,3
DA:32,3
DA:33,3
DA:34,3
DA:35,3
DA:36,3
DA:42,4
DA:44,3
DA:45,3
DA:47,2
DA:49,2
DA:51,2
DA:52,2
DA:53,2
LF:17
LH:17
BRDA:27,1,0,3
BRDA:27,1,1,0
BRDA:42,2,0,3
BRDA:42,2,1,1
BRDA:45,3,0,2
BRDA:45,3,1,1
BRDA:47,4,0,2
BRDA:47,4,1,0
BRDA:49,5,0,2
BRDA:49,5,1,0
BRF:10
BRH:7
end_of_record
TN:
SF:C:\Users\Xikai\Desktop\INFO7500\INFO7500-Dutch-Auction\v3.0\contracts\StickyMonster.sol
FN:8,constructor
FN:10,mint
FNF:2
FNH:2
FNDA:6,constructor
FNDA:3,mint
DA:11,3
LF:1
LH:1
BRDA:10,1,0,3
BRDA:10,1,1,0
BRF:2
BRH:1
end_of_record
