{
"contracts\\BasicDutchAuction.sol":{"l":{"21":3,"22":3,"23":3,"24":3,"25":3,"26":3,"32":4,"34":3,"35":3,"37":2,"38":2},"path":"C:\\Users\\Xikai\\Desktop\\INFO7500\\INFO7500-Dutch-Auction\\v1.0\\contracts\\BasicDutchAuction.sol","s":{"1":4,"2":3,"3":3,"4":2,"5":2},"b":{"1":[3,1],"2":[2,1]},"f":{"1":3,"2":4},"fnMap":{"1":{"name":"constructor","line":20,"loc":{"start":{"line":20,"column":4},"end":{"line":27,"column":4}}},"2":{"name":"bid","line":30,"loc":{"start":{"line":30,"column":4},"end":{"line":39,"column":4}}}},"statementMap":{"1":{"start":{"line":32,"column":8},"end":{"line":32,"column":91}},"2":{"start":{"line":34,"column":8},"end":{"line":34,"column":101}},"3":{"start":{"line":35,"column":8},"end":{"line":35,"column":52}},"4":{"start":{"line":37,"column":8},"end":{"line":37,"column":32}},"5":{"start":{"line":38,"column":8},"end":{"line":38,"column":25}}},"branchMap":{"1":{"line":32,"type":"if","locations":[{"start":{"line":32,"column":8},"end":{"line":32,"column":8}},{"start":{"line":32,"column":8},"end":{"line":32,"column":8}}]},"2":{"line":35,"type":"if","locations":[{"start":{"line":35,"column":8},"end":{"line":35,"column":8}},{"start":{"line":35,"column":8},"end":{"line":35,"column":8}}]}}}}
