{"contracts\\KaiCoin.sol":{"l":{"9":6,"13":2},"path":"C:\\Users\\Xikai\\Desktop\\INFO7500\\INFO7500-Dutch-Auction\\v3.0\\contracts\\KaiCoin.sol","s":{"1":6,"2":2},"b":{"1":[2,0]},"f":{"1":6,"2":2},"fnMap":{"1":{"name":"constructor","line":8,"loc":{"start":{"line":8,"column":4},"end":{"line":10,"column":4}}},"2":{"name":"mint","line":12,"loc":{"start":{"line":12,"column":4},"end":{"line":14,"column":4}}}},"statementMap":{"1":{"start":{"line":9,"column":8},"end":{"line":9,"column":49}},"2":{"start":{"line":13,"column":8},"end":{"line":13,"column":24}}},"branchMap":{"1":{"line":12,"type":"if","locations":[{"start":{"line":12,"column":53},"end":{"line":12,"column":53}},{"start":{"line":12,"column":53},"end":{"line":12,"column":53}}]}}},"contracts\\NFTDutchAuction_ERC20Bids.sol":{"l":{"28":3,"29":3,"30":3,"31":3,"32":3,"33":3,"34":3,"35":3,"36":3,"42":4,"44":3,"45":3,"47":2,"49":2,"51":2,"52":2,"53":2},"path":"C:\\Users\\Xikai\\Desktop\\INFO7500\\INFO7500-Dutch-Auction\\v3.0\\contracts\\NFTDutchAuction_ERC20Bids.sol","s":{"1":4,"2":3,"3":3,"4":2,"5":2,"6":2,"7":2,"8":2},"b":{"1":[3,0],"2":[3,1],"3":[2,1],"4":[2,0],"5":[2,0]},"f":{"1":3,"2":4},"fnMap":{"1":{"name":"initialize","line":27,"loc":{"start":{"line":27,"column":4},"end":{"line":37,"column":4}}},"2":{"name":"bid","line":40,"loc":{"start":{"line":40,"column":4},"end":{"line":54,"column":4}}}},"statementMap":{"1":{"start":{"line":42,"column":8},"end":{"line":42,"column":91}},"2":{"start":{"line":44,"column":8},"end":{"line":44,"column":101}},"3":{"start":{"line":45,"column":8},"end":{"line":45,"column":50}},"4":{"start":{"line":47,"column":8},"end":{"line":47,"column":116}},"5":{"start":{"line":49,"column":8},"end":{"line":49,"column":107}},"6":{"start":{"line":51,"column":8},"end":{"line":51,"column":78}},"7":{"start":{"line":52,"column":8},"end":{"line":52,"column":36}},"8":{"start":{"line":53,"column":8},"end":{"line":53,"column":25}}},"branchMap":{"1":{"line":27,"type":"if","locations":[{"start":{"line":27,"column":193},"end":{"line":27,"column":193}},{"start":{"line":27,"column":193},"end":{"line":27,"column":193}}]},"2":{"line":42,"type":"if","locations":[{"start":{"line":42,"column":8},"end":{"line":42,"column":8}},{"start":{"line":42,"column":8},"end":{"line":42,"column":8}}]},"3":{"line":45,"type":"if","locations":[{"start":{"line":45,"column":8},"end":{"line":45,"column":8}},{"start":{"line":45,"column":8},"end":{"line":45,"column":8}}]},"4":{"line":47,"type":"if","locations":[{"start":{"line":47,"column":8},"end":{"line":47,"column":8}},{"start":{"line":47,"column":8},"end":{"line":47,"column":8}}]},"5":{"line":49,"type":"if","locations":[{"start":{"line":49,"column":8},"end":{"line":49,"column":8}},{"start":{"line":49,"column":8},"end":{"line":49,"column":8}}]}}},"contracts\\StickyMonster.sol":{"l":{"11":3},"path":"C:\\Users\\Xikai\\Desktop\\INFO7500\\INFO7500-Dutch-Auction\\v3.0\\contracts\\StickyMonster.sol","s":{"1":3},"b":{"1":[3,0]},"f":{"1":6,"2":3},"fnMap":{"1":{"name":"constructor","line":8,"loc":{"start":{"line":8,"column":4},"end":{"line":8,"column":50}}},"2":{"name":"mint","line":10,"loc":{"start":{"line":10,"column":4},"end":{"line":12,"column":4}}}},"statementMap":{"1":{"start":{"line":11,"column":8},"end":{"line":11,"column":29}}},"branchMap":{"1":{"line":10,"type":"if","locations":[{"start":{"line":10,"column":54},"end":{"line":10,"column":54}},{"start":{"line":10,"column":54},"end":{"line":10,"column":54}}]}}}}