{
"contracts\\NFTDutchAuction.sol":{"l":{"25":3,"26":3,"27":3,"28":3,"29":3,"30":3,"31":3,"32":3,"38":4,"40":3,"41":3,"43":2,"45":2,"47":2,"48":2,"49":2},"path":"C:\\Users\\Xikai\\Desktop\\INFO7500\\INFO7500-Dutch-Auction\\v2.0\\contracts\\NFTDutchAuction.sol","s":{"1":4,"2":3,"3":3,"4":2,"5":2,"6":2,"7":2,"8":2},"b":{"1":[3,1],"2":[2,1],"3":[2,0]},"f":{"1":3,"2":4},"fnMap":{"1":{"name":"constructor","line":24,"loc":{"start":{"line":24,"column":4},"end":{"line":33,"column":4}}},"2":{"name":"bid","line":36,"loc":{"start":{"line":36,"column":4},"end":{"line":50,"column":4}}}},"statementMap":{"1":{"start":{"line":38,"column":8},"end":{"line":38,"column":91}},"2":{"start":{"line":40,"column":8},"end":{"line":40,"column":101}},"3":{"start":{"line":41,"column":8},"end":{"line":41,"column":52}},"4":{"start":{"line":43,"column":8},"end":{"line":43,"column":116}},"5":{"start":{"line":45,"column":8},"end":{"line":45,"column":78}},"6":{"start":{"line":47,"column":8},"end":{"line":47,"column":32}},"7":{"start":{"line":48,"column":8},"end":{"line":48,"column":36}},"8":{"start":{"line":49,"column":8},"end":{"line":49,"column":25}}},"branchMap":{"1":{"line":38,"type":"if","locations":[{"start":{"line":38,"column":8},"end":{"line":38,"column":8}},{"start":{"line":38,"column":8},"end":{"line":38,"column":8}}]},"2":{"line":41,"type":"if","locations":[{"start":{"line":41,"column":8},"end":{"line":41,"column":8}},{"start":{"line":41,"column":8},"end":{"line":41,"column":8}}]},"3":{"line":43,"type":"if","locations":[{"start":{"line":43,"column":8},"end":{"line":43,"column":8}},{"start":{"line":43,"column":8},"end":{"line":43,"column":8}}]}}},
"contracts\\StickyMonster.sol":{"l":{"11":3},"path":"C:\\Users\\Xikai\\Desktop\\INFO7500\\INFO7500-Dutch-Auction\\v2.0\\contracts\\StickyMonster.sol","s":{"1":3},"b":{"1":[3,0]},"f":{"1":6,"2":3},"fnMap":{"1":{"name":"constructor","line":8,"loc":{"start":{"line":8,"column":4},"end":{"line":8,"column":50}}},"2":{"name":"mint","line":10,"loc":{"start":{"line":10,"column":4},"end":{"line":12,"column":4}}}},"statementMap":{"1":{"start":{"line":11,"column":8},"end":{"line":11,"column":29}}},"branchMap":{"1":{"line":10,"type":"if","locations":[{"start":{"line":10,"column":54},"end":{"line":10,"column":54}},{"start":{"line":10,"column":54},"end":{"line":10,"column":54}}]}}}}
