TN:
SF:C:\Users\Xikai\Desktop\INFO7500\INFO7500-Dutch-Auction\v2.0\contracts\NFTDutchAuction.sol
FN:24,constructor
FN:36,bid
FNF:2
FNH:2
FNDA:3,constructor
FNDA:4,bid
DA:25,3
DA:26,3
DA:27,3
DA:28,3
DA:29,3
DA:30,3
DA:31,3
DA:32,3
DA:38,4
DA:40,3
DA:41,3
DA:43,2
DA:45,2
DA:47,2
DA:48,2
DA:49,2
LF:16
LH:16
BRDA:38,1,0,3
BRDA:38,1,1,1
BRDA:41,2,0,2
BRDA:41,2,1,1
BRDA:43,3,0,2
BRDA:43,3,1,0
BRF:6
BRH:5
end_of_record
TN:
SF:C:\Users\Xikai\Desktop\INFO7500\INFO7500-Dutch-Auction\v2.0\contracts\StickyMonster.sol
FN:8,constructor
FN:10,mint
FNF:2
FNH:2
FNDA:6,constructor
FNDA:3,mint
DA:11,3
LF:1
LH:1
BRDA:10,1,0,3
BRDA:10,1,1,0
BRF:2
BRH:1
end_of_record
